[debug] [2017-11-18T12:52:47.038Z] ----------------------------------------------------------------------
[debug] [2017-11-18T12:52:47.040Z] Command:       /usr/local/bin/node /usr/local/bin/firebase deploy
[debug] [2017-11-18T12:52:47.040Z] CLI Version:   3.15.2
[debug] [2017-11-18T12:52:47.040Z] Platform:      darwin
[debug] [2017-11-18T12:52:47.040Z] Node Version:  v9.0.0
[debug] [2017-11-18T12:52:47.040Z] Time:          Sat Nov 18 2017 20:52:47 GMT+0800 (CST)
[debug] [2017-11-18T12:52:47.040Z] ----------------------------------------------------------------------
[debug] 
[debug] [2017-11-18T12:52:47.053Z] > command requires scopes: ["email","openid","https://www.googleapis.com/auth/cloudplatformprojects.readonly","https://www.googleapis.com/auth/firebase","https://www.googleapis.com/auth/cloud-platform"]
[debug] [2017-11-18T12:52:47.054Z] > authorizing via signed-in user
[debug] [2017-11-18T12:52:47.056Z] >>> HTTP REQUEST GET https://admin.firebase.com/v1/projects/helloworldgengyudong  
 Sat Nov 18 2017 20:52:47 GMT+0800 (CST)
[debug] [2017-11-18T12:52:50.248Z] <<< HTTP RESPONSE 200
[debug] [2017-11-18T12:52:50.249Z] >>> HTTP REQUEST GET https://admin.firebase.com/v1/database/helloworldgengyudong/tokens  
 Sat Nov 18 2017 20:52:50 GMT+0800 (CST)
[debug] [2017-11-18T12:52:51.556Z] <<< HTTP RESPONSE 200
[info] 
[info] === Deploying to 'helloworldgengyudong'...
[info] 
[info] i  deploying hosting
[info] i  hosting: preparing dist directory for upload...
[debug] [2017-11-18T12:52:58.401Z] >>> HTTP REQUEST PUT https://deploy.firebase.com/v1/hosting/helloworldgengyudong/uploads/-KzEB5g8lgoq6J4lOpyi?fileCount=17&message=  
 Sat Nov 18 2017 20:52:58 GMT+0800 (CST)
